<?xml version="1.0" encoding="UTF-8"?>
<testng-results ignored="0" total="1" passed="1" failed="0" skipped="0">
  <reporter-output>
  </reporter-output>
  <suite started-at="2021-09-06T12:50:25 COT" name="Default suite" finished-at="2021-09-06T12:50:31 COT" duration-ms="6590">
    <groups>
    </groups>
    <test started-at="2021-09-06T12:50:25 COT" name="Default test" finished-at="2021-09-06T12:50:31 COT" duration-ms="6590">
      <class name="testScript.RegisterTest">
        <test-method is-config="true" signature="setUp()[pri:0, instance:testScript.RegisterTest@6293abcc]" started-at="2021-09-06T12:50:25 COT" name="setUp" finished-at="2021-09-06T12:50:29 COT" duration-ms="4552" status="PASS">
          <reporter-output>
          </reporter-output>
        </test-method> <!-- setUp -->
        <test-method signature="registerTest()[pri:0, instance:testScript.RegisterTest@6293abcc]" started-at="2021-09-06T12:50:29 COT" name="registerTest" finished-at="2021-09-06T12:50:31 COT" duration-ms="2001" status="PASS">
          <reporter-output>
          </reporter-output>
        </test-method> <!-- registerTest -->
        <test-method is-config="true" signature="tearDown()[pri:0, instance:testScript.RegisterTest@6293abcc]" started-at="2021-09-06T12:50:31 COT" name="tearDown" finished-at="2021-09-06T12:50:31 COT" duration-ms="0" status="PASS">
          <reporter-output>
          </reporter-output>
        </test-method> <!-- tearDown -->
      </class> <!-- testScript.RegisterTest -->
    </test> <!-- Default test -->
  </suite> <!-- Default suite -->
</testng-results>
